<?xml version="1.0" encoding="UTF-8"?>
<!-- Generated by org.testng.reporters.JUnitReportReporter -->
<testsuite skipped="0" hostname="KAMLESH" name="homeTest.LoginPF" tests="1" failures="0" timestamp="27 Aug 2018 15:24:50 GMT" time="40.762" errors="0">
  <testcase name="LoginAmazon" time="40.762" classname="homeTest.LoginPF"/>
</testsuite> <!-- homeTest.LoginPF -->
