<?xml version="1.0" encoding="UTF-8"?>
<!-- Generated by org.testng.reporters.JUnitReportReporter -->
<testsuite skipped="0" hostname="KAMLESH" name="home.LoginPF" tests="1" failures="0" timestamp="19 Aug 2018 07:36:46 GMT" time="51.765" errors="0">
  <testcase name="LoginAmazon" time="51.765" classname="home.LoginPF"/>
</testsuite> <!-- home.LoginPF -->
