<?xml version="1.0" encoding="UTF-8"?>
<!-- Generated by org.testng.reporters.JUnitReportReporter -->
<testsuite skipped="0" hostname="KAMLESH" name="home.LoginTestNG" tests="1" failures="0" timestamp="01 Jul 2018 18:04:22 GMT" time="19.861" errors="0">
  <testcase name="LoginAmazon" time="19.861" classname="home.LoginTestNG"/>
</testsuite> <!-- home.LoginTestNG -->
