<?xml version="1.0" encoding="UTF-8"?>
<!-- Generated by org.testng.reporters.JUnitReportReporter -->
<testsuite skipped="0" hostname="KAMLESH" name="home.LoginTestNGDataProviderDifferentClass" tests="1" failures="0" timestamp="08 Jul 2018 18:51:09 GMT" time="21.152" errors="0">
  <testcase name="LoginAmazon" time="21.152" classname="home.LoginTestNGDataProviderDifferentClass"/>
</testsuite> <!-- home.LoginTestNGDataProviderDifferentClass -->
