<?xml version="1.0" encoding="UTF-8"?>
<!-- Generated by org.testng.reporters.JUnitReportReporter -->
<testsuite skipped="0" hostname="KAMLESH" name="home.LoginTestNGParameter" tests="1" failures="0" timestamp="08 Jul 2018 18:05:31 GMT" time="44.343" errors="0">
  <testcase name="LoginAmazon" time="44.343" classname="home.LoginTestNGParameter"/>
</testsuite> <!-- home.LoginTestNGParameter -->
