<?xml version="1.0" encoding="UTF-8"?>
<!-- Generated by org.testng.reporters.JUnitReportReporter -->
<testsuite skipped="0" hostname="KAMLESH" name="home.LoginTestNGDataProviderSameClass" tests="1" failures="0" timestamp="08 Jul 2018 18:32:09 GMT" time="19.315" errors="0">
  <testcase name="LoginAmazon" time="19.315" classname="home.LoginTestNGDataProviderSameClass"/>
</testsuite> <!-- home.LoginTestNGDataProviderSameClass -->
